  Application.cpp
C:\Users\gesho\Desktop\010_OpenGL_Lighting_VS2019\011_OpenGL_LightingMaps_VS2019\OpenGL1\Application.cpp(32,19): warning C4244: 'initializing': conversion from 'double' to 'float', possible loss of data
C:\Users\gesho\Desktop\010_OpenGL_Lighting_VS2019\011_OpenGL_LightingMaps_VS2019\OpenGL1\Application.cpp(33,19): warning C4244: 'initializing': conversion from 'double' to 'float', possible loss of data
C:\Users\gesho\Desktop\010_OpenGL_Lighting_VS2019\011_OpenGL_LightingMaps_VS2019\OpenGL1\Application.cpp(133,28): warning C4244: 'initializing': conversion from 'double' to 'float', possible loss of data
  BufferLayout.cpp
  IndexBuffer.cpp
  Main.cpp
  Shader.cpp
  stb_image.cpp
  Texture.cpp
  VertexArray.cpp
C:\Users\gesho\Desktop\010_OpenGL_Lighting_VS2019\011_OpenGL_LightingMaps_VS2019\OpenGL1\VertexArray.cpp(32,55): warning C4312: 'type cast': conversion from 'const unsigned int' to 'void *' of greater size
  VertexBuffer.cpp
  Generating Code...
  glad.c
Application.obj : error LNK2019: unresolved external symbol glfwInit referenced in function "public: void __cdecl Application::Run(void)" (?Run@Application@@QEAAXXZ)
Application.obj : error LNK2019: unresolved external symbol glfwTerminate referenced in function "public: void __cdecl Application::Run(void)" (?Run@Application@@QEAAXXZ)
Application.obj : error LNK2019: unresolved external symbol glfwCreateWindow referenced in function "public: void __cdecl Application::Run(void)" (?Run@Application@@QEAAXXZ)
Application.obj : error LNK2019: unresolved external symbol glfwWindowShouldClose referenced in function "public: void __cdecl Application::Run(void)" (?Run@Application@@QEAAXXZ)
Application.obj : error LNK2019: unresolved external symbol glfwSetWindowUserPointer referenced in function "public: void __cdecl Application::Run(void)" (?Run@Application@@QEAAXXZ)
Application.obj : error LNK2019: unresolved external symbol glfwGetWindowUserPointer referenced in function "void __cdecl mouse_callback(struct GLFWwindow *,double,double)" (?mouse_callback@@YAXPEAUGLFWwindow@@NN@Z)
Application.obj : error LNK2019: unresolved external symbol glfwSetFramebufferSizeCallback referenced in function "public: void __cdecl Application::Run(void)" (?Run@Application@@QEAAXXZ)
Application.obj : error LNK2019: unresolved external symbol glfwPollEvents referenced in function "public: void __cdecl Application::Run(void)" (?Run@Application@@QEAAXXZ)
Application.obj : error LNK2019: unresolved external symbol glfwGetKey referenced in function "private: void __cdecl Application::ProcessInput(struct GLFWwindow *,float)" (?ProcessInput@Application@@AEAAXPEAUGLFWwindow@@M@Z)
Application.obj : error LNK2019: unresolved external symbol glfwGetMouseButton referenced in function "void __cdecl mouse_callback(struct GLFWwindow *,double,double)" (?mouse_callback@@YAXPEAUGLFWwindow@@NN@Z)
Application.obj : error LNK2019: unresolved external symbol glfwSetCursorPosCallback referenced in function "public: void __cdecl Application::Run(void)" (?Run@Application@@QEAAXXZ)
Application.obj : error LNK2019: unresolved external symbol glfwSetScrollCallback referenced in function "public: void __cdecl Application::Run(void)" (?Run@Application@@QEAAXXZ)
Application.obj : error LNK2019: unresolved external symbol glfwGetTime referenced in function "public: void __cdecl Application::Run(void)" (?Run@Application@@QEAAXXZ)
Application.obj : error LNK2019: unresolved external symbol glfwMakeContextCurrent referenced in function "public: void __cdecl Application::Run(void)" (?Run@Application@@QEAAXXZ)
Application.obj : error LNK2019: unresolved external symbol glfwSwapBuffers referenced in function "public: void __cdecl Application::Run(void)" (?Run@Application@@QEAAXXZ)
Application.obj : error LNK2019: unresolved external symbol glfwGetProcAddress referenced in function "public: void __cdecl Application::Run(void)" (?Run@Application@@QEAAXXZ)
C:\Users\gesho\Desktop\010_OpenGL_Lighting_VS2019\011_OpenGL_LightingMaps_VS2019\OpenGL1\deps\glfw\lib\glfw3.lib : warning LNK4272: library machine type 'x86' conflicts with target machine type 'x64'
C:\Users\gesho\Desktop\010_OpenGL_Lighting_VS2019\011_OpenGL_LightingMaps_VS2019\x64\Debug\011_OpenGL_LightingMaps.exe : fatal error LNK1120: 16 unresolved externals
